<?xml version="1.0" encoding="UTF-8"?>
<!-- Generated by org.testng.reporters.JUnitReportReporter -->
<testsuite hostname="Meena-Laptop" failures="0" tests="6" name="tests.ValidateAddOneProductAndVerifyCart" time="92.054" errors="0" timestamp="2024-11-17T20:16:05 CST" skipped="0">
  <testcase classname="tests.ValidateAddOneProductAndVerifyCart" name="verifyNavToProductsPage_TC4" time="47.894"/>
  <testcase classname="tests.ValidateAddOneProductAndVerifyCart" name="launchApp_TC1" time="5.247"/>
  <testcase classname="tests.ValidateAddOneProductAndVerifyCart" name="addToCartOneProduct_TC5" time="13.756"/>
  <testcase classname="tests.ValidateAddOneProductAndVerifyCart" name="verifyCartPageTerms_TC08" time="10.514"/>
  <testcase classname="tests.ValidateAddOneProductAndVerifyCart" name="verifyHybridApp_TC09" time="6.983"/>
  <testcase classname="tests.ValidateAddOneProductAndVerifyCart" name="verifyCartPageProductPrice_TC6" time="7.660"/>
</testsuite> <!-- tests.ValidateAddOneProductAndVerifyCart -->
