<?xml version="1.0" encoding="UTF-8"?>
<!-- Generated by org.testng.reporters.JUnitReportReporter -->
<testsuite hostname="Mithuns-Mac.local" failures="0" tests="1" name="pages.HomeTest" time="24.099" errors="0" timestamp="2024-03-12T23:15:51 IST" skipped="0">
  <testcase classname="pages.HomeTest" name="firstTest" time="24.099"/>
</testsuite> <!-- pages.HomeTest -->
