<?xml version="1.0" encoding="UTF-8"?>
<!-- Generated by org.testng.reporters.JUnitReportReporter -->
<testsuite hostname="Meena-Laptop" failures="0" tests="3" name="tests.HomeTest" time="26.296" errors="0" timestamp="2024-11-17T20:16:05 CST" skipped="0">
  <testcase classname="tests.HomeTest" name="verifyHomePageFields_TC2" time="13.027"/>
  <testcase classname="tests.HomeTest" name="verifyMandatoryFields_TC3" time="6.403"/>
  <testcase classname="tests.HomeTest" name="launchApp_TC1" time="6.866"/>
</testsuite> <!-- tests.HomeTest -->
